<?xml version="1.0" encoding="UTF-8"?>
<!-- Generated by org.testng.reporters.JUnitXMLReporter -->
<testsuite ignored="14" hostname="MONAMIS-WIN10" failures="0" tests="10" name="CrossBrowser_Chrome Test" time="143.809" errors="0" timestamp="2024-12-22T20:00:17 IST">
  <testcase classname="com.mystore.testcases.LoginPageTest" name="loginTest" time="4.391"/>
  <testcase classname="com.mystore.testcases.LoginPageTest" name="loginTest" time="2.971"/>
  <testcase classname="com.mystore.testcases.productavailabiltyTest" name="checkproductavailability" time="1.551"/>
  <testcase classname="com.mystore.testcases.accountcreationPageTest" name="createaccount" time="2.244"/>
  <testcase classname="com.mystore.testcases.priceTest" name="verifytoalprice" time="6.239"/>
  <testcase classname="com.mystore.testcases.IndexPageTest" name="verifyLogo" time="0.104"/>
  <testcase classname="com.mystore.testcases.IndexPageTest" name="verifyTitle" time="0.012"/>
  <testcase classname="com.mystore.testcases.EndtoEndTest" name="Testorderproduct" time="20.036"/>
  <testcase classname="com.mystore.testcases.HomePageTest" name="verifyOrderHistory" time="4.272"/>
  <testcase classname="com.mystore.testcases.addtocartTest" name="checkitemaddedincart" time="4.287"/>
  <testcase classname="com.mystore.base.baseClass" name="@BeforeTest loadConfig" time="0.0">
    <ignored/>
  </testcase> <!-- @BeforeTest loadConfig -->
  <testcase classname="com.mystore.base.baseClass" name="@BeforeSuite BeforeSuite" time="0.0">
    <ignored/>
  </testcase> <!-- @BeforeSuite BeforeSuite -->
  <testcase classname="com.mystore.base.baseClass" name="@BeforeTest loadConfig" time="0.0">
    <ignored/>
  </testcase> <!-- @BeforeTest loadConfig -->
  <testcase classname="com.mystore.base.baseClass" name="@BeforeTest loadConfig" time="0.0">
    <ignored/>
  </testcase> <!-- @BeforeTest loadConfig -->
  <testcase classname="com.mystore.base.baseClass" name="@BeforeSuite BeforeSuite" time="0.0">
    <ignored/>
  </testcase> <!-- @BeforeSuite BeforeSuite -->
  <testcase classname="com.mystore.base.baseClass" name="@BeforeSuite BeforeSuite" time="0.0">
    <ignored/>
  </testcase> <!-- @BeforeSuite BeforeSuite -->
  <testcase classname="com.mystore.base.baseClass" name="@BeforeTest loadConfig" time="0.0">
    <ignored/>
  </testcase> <!-- @BeforeTest loadConfig -->
  <testcase classname="com.mystore.base.baseClass" name="@BeforeSuite BeforeSuite" time="0.0">
    <ignored/>
  </testcase> <!-- @BeforeSuite BeforeSuite -->
  <testcase classname="com.mystore.base.baseClass" name="@BeforeTest loadConfig" time="0.0">
    <ignored/>
  </testcase> <!-- @BeforeTest loadConfig -->
  <testcase classname="com.mystore.base.baseClass" name="@BeforeSuite BeforeSuite" time="0.0">
    <ignored/>
  </testcase> <!-- @BeforeSuite BeforeSuite -->
  <testcase classname="com.mystore.base.baseClass" name="@BeforeTest loadConfig" time="0.0">
    <ignored/>
  </testcase> <!-- @BeforeTest loadConfig -->
  <testcase classname="com.mystore.base.baseClass" name="@BeforeSuite BeforeSuite" time="0.0">
    <ignored/>
  </testcase> <!-- @BeforeSuite BeforeSuite -->
  <testcase classname="com.mystore.base.baseClass" name="@BeforeSuite BeforeSuite" time="0.0">
    <ignored/>
  </testcase> <!-- @BeforeSuite BeforeSuite -->
  <testcase classname="com.mystore.base.baseClass" name="@BeforeTest loadConfig" time="0.0">
    <ignored/>
  </testcase> <!-- @BeforeTest loadConfig -->
</testsuite> <!-- CrossBrowser_Chrome Test -->
