<?xml version="1.0" encoding="UTF-8"?>
<!-- Generated by org.testng.reporters.JUnitXMLReporter -->
<testsuite ignored="14" hostname="MONAMIS-WIN10" failures="0" tests="10" name="CrossBrowser_Chrome Test" time="109.132" errors="0" timestamp="2024-12-22T16:20:34 IST">
  <testcase classname="com.mystore.testcases.LoginPageTest" name="loginTest" time="2.595"/>
  <testcase classname="com.mystore.testcases.LoginPageTest" name="loginTest" time="2.178"/>
  <testcase classname="com.mystore.testcases.productavailabiltyTest" name="checkproductavailability" time="1.219"/>
  <testcase classname="com.mystore.testcases.accountcreationPageTest" name="createaccount" time="1.811"/>
  <testcase classname="com.mystore.testcases.priceTest" name="verifytoalprice" time="5.079"/>
  <testcase classname="com.mystore.testcases.IndexPageTest" name="verifyLogo" time="0.047"/>
  <testcase classname="com.mystore.testcases.IndexPageTest" name="verifyTitle" time="0.008"/>
  <testcase classname="com.mystore.testcases.EndtoEndTest" name="Testorderproduct" time="16.521"/>
  <testcase classname="com.mystore.testcases.HomePageTest" name="verifyOrderHistory" time="2.187"/>
  <testcase classname="com.mystore.testcases.addtocartTest" name="checkitemaddedincart" time="3.588"/>
  <testcase classname="com.mystore.base.baseClass" name="@BeforeTest loadConfig" time="0.0">
    <ignored/>
  </testcase> <!-- @BeforeTest loadConfig -->
  <testcase classname="com.mystore.base.baseClass" name="@BeforeSuite BeforeSuite" time="0.0">
    <ignored/>
  </testcase> <!-- @BeforeSuite BeforeSuite -->
  <testcase classname="com.mystore.base.baseClass" name="@BeforeTest loadConfig" time="0.0">
    <ignored/>
  </testcase> <!-- @BeforeTest loadConfig -->
  <testcase classname="com.mystore.base.baseClass" name="@BeforeTest loadConfig" time="0.0">
    <ignored/>
  </testcase> <!-- @BeforeTest loadConfig -->
  <testcase classname="com.mystore.base.baseClass" name="@BeforeSuite BeforeSuite" time="0.0">
    <ignored/>
  </testcase> <!-- @BeforeSuite BeforeSuite -->
  <testcase classname="com.mystore.base.baseClass" name="@BeforeSuite BeforeSuite" time="0.0">
    <ignored/>
  </testcase> <!-- @BeforeSuite BeforeSuite -->
  <testcase classname="com.mystore.base.baseClass" name="@BeforeTest loadConfig" time="0.0">
    <ignored/>
  </testcase> <!-- @BeforeTest loadConfig -->
  <testcase classname="com.mystore.base.baseClass" name="@BeforeSuite BeforeSuite" time="0.0">
    <ignored/>
  </testcase> <!-- @BeforeSuite BeforeSuite -->
  <testcase classname="com.mystore.base.baseClass" name="@BeforeTest loadConfig" time="0.0">
    <ignored/>
  </testcase> <!-- @BeforeTest loadConfig -->
  <testcase classname="com.mystore.base.baseClass" name="@BeforeSuite BeforeSuite" time="0.0">
    <ignored/>
  </testcase> <!-- @BeforeSuite BeforeSuite -->
  <testcase classname="com.mystore.base.baseClass" name="@BeforeTest loadConfig" time="0.0">
    <ignored/>
  </testcase> <!-- @BeforeTest loadConfig -->
  <testcase classname="com.mystore.base.baseClass" name="@BeforeSuite BeforeSuite" time="0.0">
    <ignored/>
  </testcase> <!-- @BeforeSuite BeforeSuite -->
  <testcase classname="com.mystore.base.baseClass" name="@BeforeSuite BeforeSuite" time="0.0">
    <ignored/>
  </testcase> <!-- @BeforeSuite BeforeSuite -->
  <testcase classname="com.mystore.base.baseClass" name="@BeforeTest loadConfig" time="0.0">
    <ignored/>
  </testcase> <!-- @BeforeTest loadConfig -->
</testsuite> <!-- CrossBrowser_Chrome Test -->
