<?xml version="1.0" encoding="UTF-8"?>
<!-- Generated by org.testng.reporters.JUnitXMLReporter -->
<testsuite ignored="11" hostname="MONAMIS-WIN10" failures="0" tests="6" name="Smoke Test" time="56.627" errors="0" timestamp="2024-12-28T15:36:38 IST">
  <testcase classname="com.mystore.testcases.LoginPageTest" name="loginTest" time="3.671"/>
  <testcase classname="com.mystore.testcases.LoginPageTest" name="loginTest" time="2.362"/>
  <testcase classname="com.mystore.testcases.productavailabiltyTest" name="checkproductavailability" time="1.657"/>
  <testcase classname="com.mystore.testcases.IndexPageTest" name="verifyLogo" time="0.053"/>
  <testcase classname="com.mystore.testcases.IndexPageTest" name="verifyTitle" time="0.008"/>
  <testcase classname="com.mystore.testcases.HomePageTest" name="verifyOrderHistory" time="2.215"/>
  <testcase classname="com.mystore.base.baseClass" name="@BeforeSuite loadConfig" time="0.0">
    <ignored/>
  </testcase> <!-- @BeforeSuite loadConfig -->
  <testcase classname="com.mystore.base.baseClass" name="@BeforeSuite loadConfig" time="0.0">
    <ignored/>
  </testcase> <!-- @BeforeSuite loadConfig -->
  <testcase classname="com.mystore.testcases.accountcreationPageTest" name="createaccount" time="0.0">
    <ignored/>
  </testcase> <!-- createaccount -->
  <testcase classname="com.mystore.testcases.priceTest" name="verifytoalprice" time="0.0">
    <ignored/>
  </testcase> <!-- verifytoalprice -->
  <testcase classname="com.mystore.base.baseClass" name="@BeforeSuite loadConfig" time="0.0">
    <ignored/>
  </testcase> <!-- @BeforeSuite loadConfig -->
  <testcase classname="com.mystore.testcases.EndtoEndTest" name="Testorderproduct" time="0.0">
    <ignored/>
  </testcase> <!-- Testorderproduct -->
  <testcase classname="com.mystore.base.baseClass" name="@BeforeSuite loadConfig" time="0.0">
    <ignored/>
  </testcase> <!-- @BeforeSuite loadConfig -->
  <testcase classname="com.mystore.testcases.addtocartTest" name="checkitemaddedincart" time="0.0">
    <ignored/>
  </testcase> <!-- checkitemaddedincart -->
  <testcase classname="com.mystore.base.baseClass" name="@BeforeSuite loadConfig" time="0.0">
    <ignored/>
  </testcase> <!-- @BeforeSuite loadConfig -->
  <testcase classname="com.mystore.base.baseClass" name="@BeforeSuite loadConfig" time="0.0">
    <ignored/>
  </testcase> <!-- @BeforeSuite loadConfig -->
  <testcase classname="com.mystore.base.baseClass" name="@BeforeSuite loadConfig" time="0.0">
    <ignored/>
  </testcase> <!-- @BeforeSuite loadConfig -->
</testsuite> <!-- Smoke Test -->
